<?xml version="1.0" encoding="UTF-8"?>
<testsuite xmlns:xsi="http://www.w3.org/2001/XMLSchema-instance" xsi:noNamespaceSchemaLocation="https://maven.apache.org/surefire/maven-surefire-plugin/xsd/surefire-test-report-3.0.xsd" version="3.0" name="com.lily.UserServiceTest" time="0.059" tests="2" errors="0" skipped="0" failures="0">
  <properties>
[...]
</properties>
  <testcase name="testGetGender" classname="com.lily.UserServiceTest" time="0.009">
    <system-out><![CDATA[gender:女
]]></system-out>
  </testcase>
  <testcase name="testGetAge" classname="com.lily.UserServiceTest" time="0.006">
    <system-out><![CDATA[age:22
]]></system-out>
  </testcase>
</testsuite>